This file contains any messages produced by compilers while
running configure, to aid debugging if configure makes a mistake.

It was created by masstree-beta configure 0.1, which was
generated by GNU Autoconf 2.69.  Invocation command line was

  $ ./configure --disable-assertions --with-malloc=tcmalloc

## --------- ##
## Platform. ##
## --------- ##

hostname = node0.index.nextgendb-pg0.clemson.cloudlab.us
uname -m = x86_64
uname -r = 4.15.0-137-generic
uname -s = Linux
uname -v = #141-Ubuntu SMP Fri Feb 19 13:46:27 UTC 2021

/usr/bin/uname -p = unknown
/bin/uname -X     = unknown

/bin/arch              = unknown
/usr/bin/arch -k       = unknown
/usr/convex/getsysinfo = unknown
/usr/bin/hostinfo      = unknown
/bin/machine           = unknown
/usr/bin/oslevel       = unknown
/bin/universe          = unknown

PATH: /usr/local/sbin
PATH: /usr/local/bin
PATH: /usr/sbin
PATH: /usr/bin
PATH: /sbin
PATH: /bin
PATH: /usr/games
PATH: /usr/local/games


## ----------- ##
## Core tests. ##
## ----------- ##

configure:2509: checking for gcc
configure:2525: found /usr/bin/gcc
configure:2536: result: gcc
configure:2765: checking for C compiler version
configure:2774: gcc --version >&5
gcc (Ubuntu 7.5.0-3ubuntu1~18.04) 7.5.0
Copyright (C) 2017 Free Software Foundation, Inc.
This is free software; see the source for copying conditions.  There is NO
warranty; not even for MERCHANTABILITY or FITNESS FOR A PARTICULAR PURPOSE.

configure:2785: $? = 0
configure:2774: gcc -v >&5
Using built-in specs.
COLLECT_GCC=gcc
COLLECT_LTO_WRAPPER=/usr/lib/gcc/x86_64-linux-gnu/7/lto-wrapper
OFFLOAD_TARGET_NAMES=nvptx-none
OFFLOAD_TARGET_DEFAULT=1
Target: x86_64-linux-gnu
Configured with: ../src/configure -v --with-pkgversion='Ubuntu 7.5.0-3ubuntu1~18.04' --with-bugurl=file:///usr/share/doc/gcc-7/README.Bugs --enable-languages=c,ada,c++,go,brig,d,fortran,objc,obj-c++ --prefix=/usr --with-gcc-major-version-only --program-suffix=-7 --program-prefix=x86_64-linux-gnu- --enable-shared --enable-linker-build-id --libexecdir=/usr/lib --without-included-gettext --enable-threads=posix --libdir=/usr/lib --enable-nls --enable-bootstrap --enable-clocale=gnu --enable-libstdcxx-debug --enable-libstdcxx-time=yes --with-default-libstdcxx-abi=new --enable-gnu-unique-object --disable-vtable-verify --enable-libmpx --enable-plugin --enable-default-pie --with-system-zlib --with-target-system-zlib --enable-objc-gc=auto --enable-multiarch --disable-werror --with-arch-32=i686 --with-abi=m64 --with-multilib-list=m32,m64,mx32 --enable-multilib --with-tune=generic --enable-offload-targets=nvptx-none --without-cuda-driver --enable-checking=release --build=x86_64-linux-gnu --host=x86_64-linux-gnu --target=x86_64-linux-gnu
Thread model: posix
gcc version 7.5.0 (Ubuntu 7.5.0-3ubuntu1~18.04) 
configure:2785: $? = 0
configure:2774: gcc -V >&5
gcc: error: unrecognized command line option '-V'
gcc: fatal error: no input files
compilation terminated.
configure:2785: $? = 1
configure:2774: gcc -qversion >&5
gcc: error: unrecognized command line option '-qversion'; did you mean '--version'?
gcc: fatal error: no input files
compilation terminated.
configure:2785: $? = 1
configure:2805: checking whether the C compiler works
configure:2827: gcc    conftest.c  >&5
configure:2831: $? = 0
configure:2879: result: yes
configure:2882: checking for C compiler default output file name
configure:2884: result: a.out
configure:2890: checking for suffix of executables
configure:2897: gcc -o conftest    conftest.c  >&5
configure:2901: $? = 0
configure:2923: result: 
configure:2945: checking whether we are cross compiling
configure:2953: gcc -o conftest    conftest.c  >&5
configure:2957: $? = 0
configure:2964: ./conftest
configure:2968: $? = 0
configure:2983: result: no
configure:2988: checking for suffix of object files
configure:3010: gcc -c   conftest.c >&5
configure:3014: $? = 0
configure:3035: result: o
configure:3039: checking whether we are using the GNU C compiler
configure:3058: gcc -c   conftest.c >&5
configure:3058: $? = 0
configure:3067: result: yes
configure:3076: checking whether gcc accepts -g
configure:3096: gcc -c -g  conftest.c >&5
configure:3096: $? = 0
configure:3137: result: yes
configure:3154: checking for gcc option to accept ISO C89
configure:3217: gcc  -c -g -O2  conftest.c >&5
configure:3217: $? = 0
configure:3230: result: none needed
configure:3308: checking for g++
configure:3324: found /usr/bin/g++
configure:3335: result: g++
configure:3362: checking for C++ compiler version
configure:3371: g++ --version >&5
g++ (Ubuntu 7.5.0-3ubuntu1~18.04) 7.5.0
Copyright (C) 2017 Free Software Foundation, Inc.
This is free software; see the source for copying conditions.  There is NO
warranty; not even for MERCHANTABILITY or FITNESS FOR A PARTICULAR PURPOSE.

configure:3382: $? = 0
configure:3371: g++ -v >&5
Using built-in specs.
COLLECT_GCC=g++
COLLECT_LTO_WRAPPER=/usr/lib/gcc/x86_64-linux-gnu/7/lto-wrapper
OFFLOAD_TARGET_NAMES=nvptx-none
OFFLOAD_TARGET_DEFAULT=1
Target: x86_64-linux-gnu
Configured with: ../src/configure -v --with-pkgversion='Ubuntu 7.5.0-3ubuntu1~18.04' --with-bugurl=file:///usr/share/doc/gcc-7/README.Bugs --enable-languages=c,ada,c++,go,brig,d,fortran,objc,obj-c++ --prefix=/usr --with-gcc-major-version-only --program-suffix=-7 --program-prefix=x86_64-linux-gnu- --enable-shared --enable-linker-build-id --libexecdir=/usr/lib --without-included-gettext --enable-threads=posix --libdir=/usr/lib --enable-nls --enable-bootstrap --enable-clocale=gnu --enable-libstdcxx-debug --enable-libstdcxx-time=yes --with-default-libstdcxx-abi=new --enable-gnu-unique-object --disable-vtable-verify --enable-libmpx --enable-plugin --enable-default-pie --with-system-zlib --with-target-system-zlib --enable-objc-gc=auto --enable-multiarch --disable-werror --with-arch-32=i686 --with-abi=m64 --with-multilib-list=m32,m64,mx32 --enable-multilib --with-tune=generic --enable-offload-targets=nvptx-none --without-cuda-driver --enable-checking=release --build=x86_64-linux-gnu --host=x86_64-linux-gnu --target=x86_64-linux-gnu
Thread model: posix
gcc version 7.5.0 (Ubuntu 7.5.0-3ubuntu1~18.04) 
configure:3382: $? = 0
configure:3371: g++ -V >&5
g++: error: unrecognized command line option '-V'
g++: fatal error: no input files
compilation terminated.
configure:3382: $? = 1
configure:3371: g++ -qversion >&5
g++: error: unrecognized command line option '-qversion'; did you mean '--version'?
g++: fatal error: no input files
compilation terminated.
configure:3382: $? = 1
configure:3386: checking whether we are using the GNU C++ compiler
configure:3405: g++ -c -g -W -Wall -O3  conftest.cpp >&5
configure:3405: $? = 0
configure:3414: result: yes
configure:3423: checking whether g++ accepts -g
configure:3443: g++ -c -g  conftest.cpp >&5
configure:3443: $? = 0
configure:3484: result: yes
configure:3556: checking for ranlib
configure:3572: found /usr/bin/ranlib
configure:3583: result: ranlib
configure:3615: checking how to run the C++ preprocessor
configure:3642: g++ -E  conftest.cpp
configure:3642: $? = 0
configure:3656: g++ -E  conftest.cpp
conftest.cpp:10:10: fatal error: ac_nonexistent.h: No such file or directory
 #include <ac_nonexistent.h>
          ^~~~~~~~~~~~~~~~~~
compilation terminated.
configure:3656: $? = 1
configure: failed program was:
| /* confdefs.h */
| #define PACKAGE_NAME "masstree-beta"
| #define PACKAGE_TARNAME "masstree-beta"
| #define PACKAGE_VERSION "0.1"
| #define PACKAGE_STRING "masstree-beta 0.1"
| #define PACKAGE_BUGREPORT ""
| #define PACKAGE_URL ""
| #define WORDS_BIGENDIAN_SET 1
| /* end confdefs.h.  */
| #include <ac_nonexistent.h>
configure:3681: result: g++ -E
configure:3701: g++ -E  conftest.cpp
configure:3701: $? = 0
configure:3715: g++ -E  conftest.cpp
conftest.cpp:10:10: fatal error: ac_nonexistent.h: No such file or directory
 #include <ac_nonexistent.h>
          ^~~~~~~~~~~~~~~~~~
compilation terminated.
configure:3715: $? = 1
configure: failed program was:
| /* confdefs.h */
| #define PACKAGE_NAME "masstree-beta"
| #define PACKAGE_TARNAME "masstree-beta"
| #define PACKAGE_VERSION "0.1"
| #define PACKAGE_STRING "masstree-beta 0.1"
| #define PACKAGE_BUGREPORT ""
| #define PACKAGE_URL ""
| #define WORDS_BIGENDIAN_SET 1
| /* end confdefs.h.  */
| #include <ac_nonexistent.h>
configure:3744: checking for grep that handles long lines and -e
configure:3802: result: /bin/grep
configure:3807: checking for egrep
configure:3869: result: /bin/grep -E
configure:3874: checking for ANSI C header files
configure:3894: g++ -c -g -W -Wall -O3  conftest.cpp >&5
configure:3894: $? = 0
configure:3967: g++ -o conftest -g -W -Wall -O3   conftest.cpp  >&5
configure:3967: $? = 0
configure:3967: ./conftest
configure:3967: $? = 0
configure:3978: result: yes
configure:3991: checking for sys/types.h
configure:3991: g++ -c -g -W -Wall -O3  conftest.cpp >&5
configure:3991: $? = 0
configure:3991: result: yes
configure:3991: checking for sys/stat.h
configure:3991: g++ -c -g -W -Wall -O3  conftest.cpp >&5
configure:3991: $? = 0
configure:3991: result: yes
configure:3991: checking for stdlib.h
configure:3991: g++ -c -g -W -Wall -O3  conftest.cpp >&5
configure:3991: $? = 0
configure:3991: result: yes
configure:3991: checking for string.h
configure:3991: g++ -c -g -W -Wall -O3  conftest.cpp >&5
configure:3991: $? = 0
configure:3991: result: yes
configure:3991: checking for memory.h
configure:3991: g++ -c -g -W -Wall -O3  conftest.cpp >&5
configure:3991: $? = 0
configure:3991: result: yes
configure:3991: checking for strings.h
configure:3991: g++ -c -g -W -Wall -O3  conftest.cpp >&5
configure:3991: $? = 0
configure:3991: result: yes
configure:3991: checking for inttypes.h
configure:3991: g++ -c -g -W -Wall -O3  conftest.cpp >&5
configure:3991: $? = 0
configure:3991: result: yes
configure:3991: checking for stdint.h
configure:3991: g++ -c -g -W -Wall -O3  conftest.cpp >&5
configure:3991: $? = 0
configure:3991: result: yes
configure:3991: checking for unistd.h
configure:3991: g++ -c -g -W -Wall -O3  conftest.cpp >&5
configure:3991: $? = 0
configure:3991: result: yes
configure:4003: checking whether byte ordering is bigendian
configure:4018: g++ -c -g -W -Wall -O3  conftest.cpp >&5
conftest.cpp:21:9: error: expected unqualified-id before 'not' token
         not a universal capable compiler
         ^~~
configure:4018: $? = 1
configure: failed program was:
| /* confdefs.h */
| #define PACKAGE_NAME "masstree-beta"
| #define PACKAGE_TARNAME "masstree-beta"
| #define PACKAGE_VERSION "0.1"
| #define PACKAGE_STRING "masstree-beta 0.1"
| #define PACKAGE_BUGREPORT ""
| #define PACKAGE_URL ""
| #define WORDS_BIGENDIAN_SET 1
| #define STDC_HEADERS 1
| #define HAVE_SYS_TYPES_H 1
| #define HAVE_SYS_STAT_H 1
| #define HAVE_STDLIB_H 1
| #define HAVE_STRING_H 1
| #define HAVE_MEMORY_H 1
| #define HAVE_STRINGS_H 1
| #define HAVE_INTTYPES_H 1
| #define HAVE_STDINT_H 1
| #define HAVE_UNISTD_H 1
| /* end confdefs.h.  */
| #ifndef __APPLE_CC__
| 	       not a universal capable compiler
| 	     #endif
| 	     typedef int dummy;
| 
configure:4063: g++ -c -g -W -Wall -O3  conftest.cpp >&5
configure:4063: $? = 0
configure:4081: g++ -c -g -W -Wall -O3  conftest.cpp >&5
conftest.cpp: In function 'int main()':
conftest.cpp:27:8: error: 'big' was not declared in this scope
    not big endian
        ^~~
configure:4081: $? = 1
configure: failed program was:
| /* confdefs.h */
| #define PACKAGE_NAME "masstree-beta"
| #define PACKAGE_TARNAME "masstree-beta"
| #define PACKAGE_VERSION "0.1"
| #define PACKAGE_STRING "masstree-beta 0.1"
| #define PACKAGE_BUGREPORT ""
| #define PACKAGE_URL ""
| #define WORDS_BIGENDIAN_SET 1
| #define STDC_HEADERS 1
| #define HAVE_SYS_TYPES_H 1
| #define HAVE_SYS_STAT_H 1
| #define HAVE_STDLIB_H 1
| #define HAVE_STRING_H 1
| #define HAVE_MEMORY_H 1
| #define HAVE_STRINGS_H 1
| #define HAVE_INTTYPES_H 1
| #define HAVE_STDINT_H 1
| #define HAVE_UNISTD_H 1
| /* end confdefs.h.  */
| #include <sys/types.h>
| 		#include <sys/param.h>
| 
| int
| main ()
| {
| #if BYTE_ORDER != BIG_ENDIAN
| 		 not big endian
| 		#endif
| 
|   ;
|   return 0;
| }
configure:4209: result: no
configure:4231: checking sys/epoll.h usability
configure:4231: g++ -c -g -W -Wall -O3  conftest.cpp >&5
configure:4231: $? = 0
configure:4231: result: yes
configure:4231: checking sys/epoll.h presence
configure:4231: g++ -E  conftest.cpp
configure:4231: $? = 0
configure:4231: result: yes
configure:4231: checking for sys/epoll.h
configure:4231: result: yes
configure:4231: checking numa.h usability
configure:4231: g++ -c -g -W -Wall -O3  conftest.cpp >&5
conftest.cpp:54:10: fatal error: numa.h: No such file or directory
 #include <numa.h>
          ^~~~~~~~
compilation terminated.
configure:4231: $? = 1
configure: failed program was:
| /* confdefs.h */
| #define PACKAGE_NAME "masstree-beta"
| #define PACKAGE_TARNAME "masstree-beta"
| #define PACKAGE_VERSION "0.1"
| #define PACKAGE_STRING "masstree-beta 0.1"
| #define PACKAGE_BUGREPORT ""
| #define PACKAGE_URL ""
| #define WORDS_BIGENDIAN_SET 1
| #define STDC_HEADERS 1
| #define HAVE_SYS_TYPES_H 1
| #define HAVE_SYS_STAT_H 1
| #define HAVE_STDLIB_H 1
| #define HAVE_STRING_H 1
| #define HAVE_MEMORY_H 1
| #define HAVE_STRINGS_H 1
| #define HAVE_INTTYPES_H 1
| #define HAVE_STDINT_H 1
| #define HAVE_UNISTD_H 1
| #define HAVE_SYS_EPOLL_H 1
| /* end confdefs.h.  */
| #include <stdio.h>
| #ifdef HAVE_SYS_TYPES_H
| # include <sys/types.h>
| #endif
| #ifdef HAVE_SYS_STAT_H
| # include <sys/stat.h>
| #endif
| #ifdef STDC_HEADERS
| # include <stdlib.h>
| # include <stddef.h>
| #else
| # ifdef HAVE_STDLIB_H
| #  include <stdlib.h>
| # endif
| #endif
| #ifdef HAVE_STRING_H
| # if !defined STDC_HEADERS && defined HAVE_MEMORY_H
| #  include <memory.h>
| # endif
| # include <string.h>
| #endif
| #ifdef HAVE_STRINGS_H
| # include <strings.h>
| #endif
| #ifdef HAVE_INTTYPES_H
| # include <inttypes.h>
| #endif
| #ifdef HAVE_STDINT_H
| # include <stdint.h>
| #endif
| #ifdef HAVE_UNISTD_H
| # include <unistd.h>
| #endif
| #include <numa.h>
configure:4231: result: no
configure:4231: checking numa.h presence
configure:4231: g++ -E  conftest.cpp
conftest.cpp:21:10: fatal error: numa.h: No such file or directory
 #include <numa.h>
          ^~~~~~~~
compilation terminated.
configure:4231: $? = 1
configure: failed program was:
| /* confdefs.h */
| #define PACKAGE_NAME "masstree-beta"
| #define PACKAGE_TARNAME "masstree-beta"
| #define PACKAGE_VERSION "0.1"
| #define PACKAGE_STRING "masstree-beta 0.1"
| #define PACKAGE_BUGREPORT ""
| #define PACKAGE_URL ""
| #define WORDS_BIGENDIAN_SET 1
| #define STDC_HEADERS 1
| #define HAVE_SYS_TYPES_H 1
| #define HAVE_SYS_STAT_H 1
| #define HAVE_STDLIB_H 1
| #define HAVE_STRING_H 1
| #define HAVE_MEMORY_H 1
| #define HAVE_STRINGS_H 1
| #define HAVE_INTTYPES_H 1
| #define HAVE_STDINT_H 1
| #define HAVE_UNISTD_H 1
| #define HAVE_SYS_EPOLL_H 1
| /* end confdefs.h.  */
| #include <numa.h>
configure:4231: result: no
configure:4231: checking for numa.h
configure:4231: result: no
configure:4242: checking for library containing numa_available
configure:4273: g++ -o conftest -g -W -Wall -O3   conftest.cpp  >&5
/tmp/ccqFkp7w.o: In function `main':
/users/hcha/index-bench/masstree/conftest.cpp:32: undefined reference to `numa_available'
collect2: error: ld returned 1 exit status
configure:4273: $? = 1
configure: failed program was:
| /* confdefs.h */
| #define PACKAGE_NAME "masstree-beta"
| #define PACKAGE_TARNAME "masstree-beta"
| #define PACKAGE_VERSION "0.1"
| #define PACKAGE_STRING "masstree-beta 0.1"
| #define PACKAGE_BUGREPORT ""
| #define PACKAGE_URL ""
| #define WORDS_BIGENDIAN_SET 1
| #define STDC_HEADERS 1
| #define HAVE_SYS_TYPES_H 1
| #define HAVE_SYS_STAT_H 1
| #define HAVE_STDLIB_H 1
| #define HAVE_STRING_H 1
| #define HAVE_MEMORY_H 1
| #define HAVE_STRINGS_H 1
| #define HAVE_INTTYPES_H 1
| #define HAVE_STDINT_H 1
| #define HAVE_UNISTD_H 1
| #define HAVE_SYS_EPOLL_H 1
| /* end confdefs.h.  */
| 
| /* Override any GCC internal prototype to avoid an error.
|    Use char because int might match the return type of a GCC
|    builtin and then its argument prototype would still apply.  */
| #ifdef __cplusplus
| extern "C"
| #endif
| char numa_available ();
| int
| main ()
| {
| return numa_available ();
|   ;
|   return 0;
| }
configure:4273: g++ -o conftest -g -W -Wall -O3   conftest.cpp -lnuma   >&5
/usr/bin/ld: cannot find -lnuma
collect2: error: ld returned 1 exit status
configure:4273: $? = 1
configure: failed program was:
| /* confdefs.h */
| #define PACKAGE_NAME "masstree-beta"
| #define PACKAGE_TARNAME "masstree-beta"
| #define PACKAGE_VERSION "0.1"
| #define PACKAGE_STRING "masstree-beta 0.1"
| #define PACKAGE_BUGREPORT ""
| #define PACKAGE_URL ""
| #define WORDS_BIGENDIAN_SET 1
| #define STDC_HEADERS 1
| #define HAVE_SYS_TYPES_H 1
| #define HAVE_SYS_STAT_H 1
| #define HAVE_STDLIB_H 1
| #define HAVE_STRING_H 1
| #define HAVE_MEMORY_H 1
| #define HAVE_STRINGS_H 1
| #define HAVE_INTTYPES_H 1
| #define HAVE_STDINT_H 1
| #define HAVE_UNISTD_H 1
| #define HAVE_SYS_EPOLL_H 1
| /* end confdefs.h.  */
| 
| /* Override any GCC internal prototype to avoid an error.
|    Use char because int might match the return type of a GCC
|    builtin and then its argument prototype would still apply.  */
| #ifdef __cplusplus
| extern "C"
| #endif
| char numa_available ();
| int
| main ()
| {
| return numa_available ();
|   ;
|   return 0;
| }
configure:4290: result: no
configure:4306: checking for __builtin_clz builtin
configure:4322: g++ -o conftest -g -W -Wall -O3   conftest.cpp  >&5
configure:4322: $? = 0
configure:4330: result: yes
configure:4340: checking for __builtin_clzl builtin
configure:4356: g++ -o conftest -g -W -Wall -O3   conftest.cpp  >&5
configure:4356: $? = 0
configure:4364: result: yes
configure:4374: checking for __builtin_clzll builtin
configure:4390: g++ -o conftest -g -W -Wall -O3   conftest.cpp  >&5
configure:4390: $? = 0
configure:4398: result: yes
configure:4408: checking for __builtin_ctz builtin
configure:4424: g++ -o conftest -g -W -Wall -O3   conftest.cpp  >&5
configure:4424: $? = 0
configure:4432: result: yes
configure:4442: checking for __builtin_ctzl builtin
configure:4458: g++ -o conftest -g -W -Wall -O3   conftest.cpp  >&5
configure:4458: $? = 0
configure:4466: result: yes
configure:4476: checking for __builtin_ctzll builtin
configure:4492: g++ -o conftest -g -W -Wall -O3   conftest.cpp  >&5
configure:4492: $? = 0
configure:4500: result: yes
configure:4510: checking for __sync_synchronize builtin
configure:4527: g++ -o conftest -g -W -Wall -O3   conftest.cpp  >&5
configure:4527: $? = 0
configure:4535: result: yes
configure:4545: checking for __sync_fetch_and_add builtin
configure:4561: g++ -o conftest -g -W -Wall -O3   conftest.cpp  >&5
configure:4561: $? = 0
configure:4569: result: yes
configure:4579: checking for __sync_add_and_fetch builtin
configure:4595: g++ -o conftest -g -W -Wall -O3   conftest.cpp  >&5
configure:4595: $? = 0
configure:4603: result: yes
configure:4613: checking for __sync_fetch_and_add_8 builtin
configure:4630: g++ -o conftest -g -W -Wall -O3   conftest.cpp  >&5
configure:4630: $? = 0
configure:4638: result: yes
configure:4648: checking for __sync_add_and_fetch_8 builtin
configure:4665: g++ -o conftest -g -W -Wall -O3   conftest.cpp  >&5
configure:4665: $? = 0
configure:4673: result: yes
configure:4683: checking for __sync_fetch_and_or builtin
configure:4699: g++ -o conftest -g -W -Wall -O3   conftest.cpp  >&5
configure:4699: $? = 0
configure:4707: result: yes
configure:4717: checking for __sync_or_and_fetch builtin
configure:4733: g++ -o conftest -g -W -Wall -O3   conftest.cpp  >&5
configure:4733: $? = 0
configure:4741: result: yes
configure:4751: checking for __sync_fetch_and_or_8 builtin
configure:4768: g++ -o conftest -g -W -Wall -O3   conftest.cpp  >&5
configure:4768: $? = 0
configure:4776: result: yes
configure:4786: checking for __sync_or_and_fetch_8 builtin
configure:4803: g++ -o conftest -g -W -Wall -O3   conftest.cpp  >&5
configure:4803: $? = 0
configure:4811: result: yes
configure:4821: checking for __sync_bool_compare_and_swap builtin
configure:4837: g++ -o conftest -g -W -Wall -O3   conftest.cpp  >&5
configure:4837: $? = 0
configure:4845: result: yes
configure:4855: checking for __sync_bool_compare_and_swap_8 builtin
configure:4872: g++ -o conftest -g -W -Wall -O3   conftest.cpp  >&5
configure:4872: $? = 0
configure:4880: result: yes
configure:4890: checking for __sync_val_compare_and_swap builtin
configure:4906: g++ -o conftest -g -W -Wall -O3   conftest.cpp  >&5
configure:4906: $? = 0
configure:4914: result: yes
configure:4924: checking for __sync_val_compare_and_swap_8 builtin
configure:4941: g++ -o conftest -g -W -Wall -O3   conftest.cpp  >&5
configure:4941: $? = 0
configure:4949: result: yes
configure:4959: checking for __sync_lock_test_and_set builtin
configure:4975: g++ -o conftest -g -W -Wall -O3   conftest.cpp  >&5
configure:4975: $? = 0
configure:4983: result: yes
configure:4993: checking for __sync_lock_test_and_set_val builtin
configure:5009: g++ -o conftest -g -W -Wall -O3   conftest.cpp  >&5
configure:5009: $? = 0
configure:5017: result: yes
configure:5027: checking for __sync_lock_release_set builtin
configure:5043: g++ -o conftest -g -W -Wall -O3   conftest.cpp  >&5
configure:5043: $? = 0
configure:5051: result: yes
configure:5065: checking whether the C++ compiler understands 'auto'
configure:5082: g++ -c -g -W -Wall -O3  conftest.cpp >&5
configure:5082: $? = 0
configure:5089: result: yes
configure:5120: checking whether the C++ compiler understands constexpr
configure:5137: g++ -c -g -W -Wall -O3  conftest.cpp >&5
configure:5137: $? = 0
configure:5144: result: yes
configure:5175: checking whether the C++ compiler understands static_assert
configure:5192: g++ -c -g -W -Wall -O3  conftest.cpp >&5
configure:5192: $? = 0
configure:5199: result: yes
configure:5230: checking whether the C++ compiler understands rvalue references
configure:5247: g++ -c -g -W -Wall -O3  conftest.cpp >&5
configure:5247: $? = 0
configure:5254: result: yes
configure:5285: checking whether the C++ compiler understands template alias
configure:5302: g++ -c -g -W -Wall -O3  conftest.cpp >&5
configure:5302: $? = 0
configure:5309: result: yes
configure:5357: checking type_traits usability
configure:5357: g++ -c -g -W -Wall -O3  conftest.cpp >&5
configure:5357: $? = 0
configure:5357: result: yes
configure:5357: checking type_traits presence
configure:5357: g++ -E  conftest.cpp
configure:5357: $? = 0
configure:5357: result: yes
configure:5357: checking for type_traits
configure:5357: result: yes
configure:5369: checking for std::hash
configure:5387: g++ -c -g -W -Wall -O3  conftest.cpp >&5
configure:5387: $? = 0
configure:5394: result: yes
configure:5431: checking for __has_trivial_copy
configure:5448: g++ -c -g -W -Wall -O3  conftest.cpp >&5
conftest.cpp: In function 'int main()':
conftest.cpp:50:6: warning: variable 'x' set but not used [-Wunused-but-set-variable]
 long x = 1; if (__has_trivial_copy(long)) x = 0;
      ^
configure:5448: $? = 0
configure:5455: result: yes
configure:5491: checking for __has_trivial_destructor
configure:5508: g++ -c -g -W -Wall -O3  conftest.cpp >&5
conftest.cpp: In function 'int main()':
conftest.cpp:51:6: warning: variable 'x' set but not used [-Wunused-but-set-variable]
 long x = 1; if (__has_trivial_destructor(long)) x = 0;
      ^
configure:5508: $? = 0
configure:5515: result: yes
configure:5552: checking for std::move
configure:5569: g++ -c -g -W -Wall -O3  conftest.cpp >&5
conftest.cpp: In function 'int main()':
conftest.cpp:52:20: warning: unused variable 'y' [-Wunused-variable]
 long x = 0; long &&y = std::move(x);
                    ^
configure:5569: $? = 0
configure:5576: result: yes
configure:5616: checking for std::is_trivially_copyable
configure:5633: g++ -c -g -W -Wall -O3  conftest.cpp >&5
configure:5633: $? = 0
configure:5640: result: yes
configure:5676: checking for std::is_trivially_destructible
configure:5693: g++ -c -g -W -Wall -O3  conftest.cpp >&5
configure:5693: $? = 0
configure:5700: result: yes
configure:5736: checking for std::is_rvalue_reference
configure:5753: g++ -c -g -W -Wall -O3  conftest.cpp >&5
configure:5753: $? = 0
configure:5760: result: yes
configure:5797: checking for malloc in -lflow
configure:5822: g++ -o conftest -g -W -Wall -O3   conftest.cpp -lflow   >&5
conftest.cpp:58:6: warning: declaration of 'char malloc()' conflicts with built-in declaration 'void* malloc(long unsigned int)' [-Wbuiltin-declaration-mismatch]
 char malloc ();
      ^~~~~~
/usr/bin/ld: cannot find -lflow
collect2: error: ld returned 1 exit status
configure:5822: $? = 1
configure: failed program was:
| /* confdefs.h */
| #define PACKAGE_NAME "masstree-beta"
| #define PACKAGE_TARNAME "masstree-beta"
| #define PACKAGE_VERSION "0.1"
| #define PACKAGE_STRING "masstree-beta 0.1"
| #define PACKAGE_BUGREPORT ""
| #define PACKAGE_URL ""
| #define WORDS_BIGENDIAN_SET 1
| #define STDC_HEADERS 1
| #define HAVE_SYS_TYPES_H 1
| #define HAVE_SYS_STAT_H 1
| #define HAVE_STDLIB_H 1
| #define HAVE_STRING_H 1
| #define HAVE_MEMORY_H 1
| #define HAVE_STRINGS_H 1
| #define HAVE_INTTYPES_H 1
| #define HAVE_STDINT_H 1
| #define HAVE_UNISTD_H 1
| #define HAVE_SYS_EPOLL_H 1
| #define HAVE___BUILTIN_CLZ 1
| #define HAVE___BUILTIN_CLZL 1
| #define HAVE___BUILTIN_CLZLL 1
| #define HAVE___BUILTIN_CTZ 1
| #define HAVE___BUILTIN_CTZL 1
| #define HAVE___BUILTIN_CTZLL 1
| #define HAVE___SYNC_SYNCHRONIZE 1
| #define HAVE___SYNC_FETCH_AND_ADD 1
| #define HAVE___SYNC_ADD_AND_FETCH 1
| #define HAVE___SYNC_FETCH_AND_ADD_8 1
| #define HAVE___SYNC_ADD_AND_FETCH_8 1
| #define HAVE___SYNC_FETCH_AND_OR 1
| #define HAVE___SYNC_OR_AND_FETCH 1
| #define HAVE___SYNC_FETCH_AND_OR_8 1
| #define HAVE___SYNC_OR_AND_FETCH_8 1
| #define HAVE___SYNC_BOOL_COMPARE_AND_SWAP 1
| #define HAVE___SYNC_BOOL_COMPARE_AND_SWAP_8 1
| #define HAVE___SYNC_VAL_COMPARE_AND_SWAP 1
| #define HAVE___SYNC_VAL_COMPARE_AND_SWAP_8 1
| #define HAVE___SYNC_LOCK_TEST_AND_SET 1
| #define HAVE___SYNC_LOCK_TEST_AND_SET_VAL 1
| #define HAVE___SYNC_LOCK_RELEASE_SET 1
| #define HAVE_CXX_TEMPLATE_ALIAS 1
| #define HAVE_TYPE_TRAITS 1
| #define HAVE_STD_HASH 1
| #define HAVE___HAS_TRIVIAL_COPY 1
| #define HAVE___HAS_TRIVIAL_DESTRUCTOR 1
| #define HAVE_STD_IS_TRIVIALLY_COPYABLE 1
| #define HAVE_STD_IS_TRIVIALLY_DESTRUCTIBLE 1
| #define HAVE_STD_IS_RVALUE_REFERENCE 1
| /* end confdefs.h.  */
| 
| /* Override any GCC internal prototype to avoid an error.
|    Use char because int might match the return type of a GCC
|    builtin and then its argument prototype would still apply.  */
| #ifdef __cplusplus
| extern "C"
| #endif
| char malloc ();
| int
| main ()
| {
| return malloc ();
|   ;
|   return 0;
| }
configure:5831: result: no
configure:5839: checking for mallctl in -ljemalloc
configure:5864: g++ -o conftest -g -W -Wall -O3   conftest.cpp -ljemalloc   >&5
/usr/bin/ld: cannot find -ljemalloc
collect2: error: ld returned 1 exit status
configure:5864: $? = 1
configure: failed program was:
| /* confdefs.h */
| #define PACKAGE_NAME "masstree-beta"
| #define PACKAGE_TARNAME "masstree-beta"
| #define PACKAGE_VERSION "0.1"
| #define PACKAGE_STRING "masstree-beta 0.1"
| #define PACKAGE_BUGREPORT ""
| #define PACKAGE_URL ""
| #define WORDS_BIGENDIAN_SET 1
| #define STDC_HEADERS 1
| #define HAVE_SYS_TYPES_H 1
| #define HAVE_SYS_STAT_H 1
| #define HAVE_STDLIB_H 1
| #define HAVE_STRING_H 1
| #define HAVE_MEMORY_H 1
| #define HAVE_STRINGS_H 1
| #define HAVE_INTTYPES_H 1
| #define HAVE_STDINT_H 1
| #define HAVE_UNISTD_H 1
| #define HAVE_SYS_EPOLL_H 1
| #define HAVE___BUILTIN_CLZ 1
| #define HAVE___BUILTIN_CLZL 1
| #define HAVE___BUILTIN_CLZLL 1
| #define HAVE___BUILTIN_CTZ 1
| #define HAVE___BUILTIN_CTZL 1
| #define HAVE___BUILTIN_CTZLL 1
| #define HAVE___SYNC_SYNCHRONIZE 1
| #define HAVE___SYNC_FETCH_AND_ADD 1
| #define HAVE___SYNC_ADD_AND_FETCH 1
| #define HAVE___SYNC_FETCH_AND_ADD_8 1
| #define HAVE___SYNC_ADD_AND_FETCH_8 1
| #define HAVE___SYNC_FETCH_AND_OR 1
| #define HAVE___SYNC_OR_AND_FETCH 1
| #define HAVE___SYNC_FETCH_AND_OR_8 1
| #define HAVE___SYNC_OR_AND_FETCH_8 1
| #define HAVE___SYNC_BOOL_COMPARE_AND_SWAP 1
| #define HAVE___SYNC_BOOL_COMPARE_AND_SWAP_8 1
| #define HAVE___SYNC_VAL_COMPARE_AND_SWAP 1
| #define HAVE___SYNC_VAL_COMPARE_AND_SWAP_8 1
| #define HAVE___SYNC_LOCK_TEST_AND_SET 1
| #define HAVE___SYNC_LOCK_TEST_AND_SET_VAL 1
| #define HAVE___SYNC_LOCK_RELEASE_SET 1
| #define HAVE_CXX_TEMPLATE_ALIAS 1
| #define HAVE_TYPE_TRAITS 1
| #define HAVE_STD_HASH 1
| #define HAVE___HAS_TRIVIAL_COPY 1
| #define HAVE___HAS_TRIVIAL_DESTRUCTOR 1
| #define HAVE_STD_IS_TRIVIALLY_COPYABLE 1
| #define HAVE_STD_IS_TRIVIALLY_DESTRUCTIBLE 1
| #define HAVE_STD_IS_RVALUE_REFERENCE 1
| /* end confdefs.h.  */
| 
| /* Override any GCC internal prototype to avoid an error.
|    Use char because int might match the return type of a GCC
|    builtin and then its argument prototype would still apply.  */
| #ifdef __cplusplus
| extern "C"
| #endif
| char mallctl ();
| int
| main ()
| {
| return mallctl ();
|   ;
|   return 0;
| }
configure:5873: result: no
configure:5881: checking for tc_malloc in -ltcmalloc_minimal
configure:5906: g++ -o conftest -g -W -Wall -O3   conftest.cpp -ltcmalloc_minimal   >&5
configure:5906: $? = 0
configure:5915: result: yes
configure:5923: checking for _Z16getMainHoardHeapv in -lhoard
configure:5948: g++ -o conftest -g -W -Wall -O3   conftest.cpp -lhoard   >&5
/usr/bin/ld: cannot find -lhoard
collect2: error: ld returned 1 exit status
configure:5948: $? = 1
configure: failed program was:
| /* confdefs.h */
| #define PACKAGE_NAME "masstree-beta"
| #define PACKAGE_TARNAME "masstree-beta"
| #define PACKAGE_VERSION "0.1"
| #define PACKAGE_STRING "masstree-beta 0.1"
| #define PACKAGE_BUGREPORT ""
| #define PACKAGE_URL ""
| #define WORDS_BIGENDIAN_SET 1
| #define STDC_HEADERS 1
| #define HAVE_SYS_TYPES_H 1
| #define HAVE_SYS_STAT_H 1
| #define HAVE_STDLIB_H 1
| #define HAVE_STRING_H 1
| #define HAVE_MEMORY_H 1
| #define HAVE_STRINGS_H 1
| #define HAVE_INTTYPES_H 1
| #define HAVE_STDINT_H 1
| #define HAVE_UNISTD_H 1
| #define HAVE_SYS_EPOLL_H 1
| #define HAVE___BUILTIN_CLZ 1
| #define HAVE___BUILTIN_CLZL 1
| #define HAVE___BUILTIN_CLZLL 1
| #define HAVE___BUILTIN_CTZ 1
| #define HAVE___BUILTIN_CTZL 1
| #define HAVE___BUILTIN_CTZLL 1
| #define HAVE___SYNC_SYNCHRONIZE 1
| #define HAVE___SYNC_FETCH_AND_ADD 1
| #define HAVE___SYNC_ADD_AND_FETCH 1
| #define HAVE___SYNC_FETCH_AND_ADD_8 1
| #define HAVE___SYNC_ADD_AND_FETCH_8 1
| #define HAVE___SYNC_FETCH_AND_OR 1
| #define HAVE___SYNC_OR_AND_FETCH 1
| #define HAVE___SYNC_FETCH_AND_OR_8 1
| #define HAVE___SYNC_OR_AND_FETCH_8 1
| #define HAVE___SYNC_BOOL_COMPARE_AND_SWAP 1
| #define HAVE___SYNC_BOOL_COMPARE_AND_SWAP_8 1
| #define HAVE___SYNC_VAL_COMPARE_AND_SWAP 1
| #define HAVE___SYNC_VAL_COMPARE_AND_SWAP_8 1
| #define HAVE___SYNC_LOCK_TEST_AND_SET 1
| #define HAVE___SYNC_LOCK_TEST_AND_SET_VAL 1
| #define HAVE___SYNC_LOCK_RELEASE_SET 1
| #define HAVE_CXX_TEMPLATE_ALIAS 1
| #define HAVE_TYPE_TRAITS 1
| #define HAVE_STD_HASH 1
| #define HAVE___HAS_TRIVIAL_COPY 1
| #define HAVE___HAS_TRIVIAL_DESTRUCTOR 1
| #define HAVE_STD_IS_TRIVIALLY_COPYABLE 1
| #define HAVE_STD_IS_TRIVIALLY_DESTRUCTIBLE 1
| #define HAVE_STD_IS_RVALUE_REFERENCE 1
| /* end confdefs.h.  */
| 
| /* Override any GCC internal prototype to avoid an error.
|    Use char because int might match the return type of a GCC
|    builtin and then its argument prototype would still apply.  */
| #ifdef __cplusplus
| extern "C"
| #endif
| char _Z16getMainHoardHeapv ();
| int
| main ()
| {
| return _Z16getMainHoardHeapv ();
|   ;
|   return 0;
| }
configure:5957: result: no
configure:5997: checking for malloc library
configure:6004: result: -ltcmalloc_minimal
configure:6040: checking whether off_t and long are the same type
configure:6057: g++ -c -g -W -Wall -O3  conftest.cpp >&5
conftest.cpp: In function 'int f(long int)':
conftest.cpp:53:30: error: redefinition of 'int f(long int)'
 int f(off_t) {return 0;} int f(long) {return 0;}
                              ^
conftest.cpp:53:5: note: 'int f(off_t)' previously defined here
 int f(off_t) {return 0;} int f(long) {return 0;}
     ^
configure:6057: $? = 1
configure: failed program was:
| /* confdefs.h */
| #define PACKAGE_NAME "masstree-beta"
| #define PACKAGE_TARNAME "masstree-beta"
| #define PACKAGE_VERSION "0.1"
| #define PACKAGE_STRING "masstree-beta 0.1"
| #define PACKAGE_BUGREPORT ""
| #define PACKAGE_URL ""
| #define WORDS_BIGENDIAN_SET 1
| #define STDC_HEADERS 1
| #define HAVE_SYS_TYPES_H 1
| #define HAVE_SYS_STAT_H 1
| #define HAVE_STDLIB_H 1
| #define HAVE_STRING_H 1
| #define HAVE_MEMORY_H 1
| #define HAVE_STRINGS_H 1
| #define HAVE_INTTYPES_H 1
| #define HAVE_STDINT_H 1
| #define HAVE_UNISTD_H 1
| #define HAVE_SYS_EPOLL_H 1
| #define HAVE___BUILTIN_CLZ 1
| #define HAVE___BUILTIN_CLZL 1
| #define HAVE___BUILTIN_CLZLL 1
| #define HAVE___BUILTIN_CTZ 1
| #define HAVE___BUILTIN_CTZL 1
| #define HAVE___BUILTIN_CTZLL 1
| #define HAVE___SYNC_SYNCHRONIZE 1
| #define HAVE___SYNC_FETCH_AND_ADD 1
| #define HAVE___SYNC_ADD_AND_FETCH 1
| #define HAVE___SYNC_FETCH_AND_ADD_8 1
| #define HAVE___SYNC_ADD_AND_FETCH_8 1
| #define HAVE___SYNC_FETCH_AND_OR 1
| #define HAVE___SYNC_OR_AND_FETCH 1
| #define HAVE___SYNC_FETCH_AND_OR_8 1
| #define HAVE___SYNC_OR_AND_FETCH_8 1
| #define HAVE___SYNC_BOOL_COMPARE_AND_SWAP 1
| #define HAVE___SYNC_BOOL_COMPARE_AND_SWAP_8 1
| #define HAVE___SYNC_VAL_COMPARE_AND_SWAP 1
| #define HAVE___SYNC_VAL_COMPARE_AND_SWAP_8 1
| #define HAVE___SYNC_LOCK_TEST_AND_SET 1
| #define HAVE___SYNC_LOCK_TEST_AND_SET_VAL 1
| #define HAVE___SYNC_LOCK_RELEASE_SET 1
| #define HAVE_CXX_TEMPLATE_ALIAS 1
| #define HAVE_TYPE_TRAITS 1
| #define HAVE_STD_HASH 1
| #define HAVE___HAS_TRIVIAL_COPY 1
| #define HAVE___HAS_TRIVIAL_DESTRUCTOR 1
| #define HAVE_STD_IS_TRIVIALLY_COPYABLE 1
| #define HAVE_STD_IS_TRIVIALLY_DESTRUCTIBLE 1
| #define HAVE_STD_IS_RVALUE_REFERENCE 1
| #define HAVE_TCMALLOC 1
| /* end confdefs.h.  */
| #include <stdio.h>
| int f(off_t) {return 0;} int f(long) {return 0;}
| int
| main ()
| {
| 
|   ;
|   return 0;
| }
configure:6064: result: yes
configure:6075: checking whether off_t and long long are the same type
configure:6092: g++ -c -g -W -Wall -O3  conftest.cpp >&5
configure:6092: $? = 0
configure:6099: result: no
configure:6110: checking whether int64_t and long are the same type
configure:6127: g++ -c -g -W -Wall -O3  conftest.cpp >&5
conftest.cpp: In function 'int f(long int)':
conftest.cpp:54:32: error: redefinition of 'int f(long int)'
 int f(int64_t) {return 0;} int f(long) {return 0;}
                                ^
conftest.cpp:54:5: note: 'int f(int64_t)' previously defined here
 int f(int64_t) {return 0;} int f(long) {return 0;}
     ^
configure:6127: $? = 1
configure: failed program was:
| /* confdefs.h */
| #define PACKAGE_NAME "masstree-beta"
| #define PACKAGE_TARNAME "masstree-beta"
| #define PACKAGE_VERSION "0.1"
| #define PACKAGE_STRING "masstree-beta 0.1"
| #define PACKAGE_BUGREPORT ""
| #define PACKAGE_URL ""
| #define WORDS_BIGENDIAN_SET 1
| #define STDC_HEADERS 1
| #define HAVE_SYS_TYPES_H 1
| #define HAVE_SYS_STAT_H 1
| #define HAVE_STDLIB_H 1
| #define HAVE_STRING_H 1
| #define HAVE_MEMORY_H 1
| #define HAVE_STRINGS_H 1
| #define HAVE_INTTYPES_H 1
| #define HAVE_STDINT_H 1
| #define HAVE_UNISTD_H 1
| #define HAVE_SYS_EPOLL_H 1
| #define HAVE___BUILTIN_CLZ 1
| #define HAVE___BUILTIN_CLZL 1
| #define HAVE___BUILTIN_CLZLL 1
| #define HAVE___BUILTIN_CTZ 1
| #define HAVE___BUILTIN_CTZL 1
| #define HAVE___BUILTIN_CTZLL 1
| #define HAVE___SYNC_SYNCHRONIZE 1
| #define HAVE___SYNC_FETCH_AND_ADD 1
| #define HAVE___SYNC_ADD_AND_FETCH 1
| #define HAVE___SYNC_FETCH_AND_ADD_8 1
| #define HAVE___SYNC_ADD_AND_FETCH_8 1
| #define HAVE___SYNC_FETCH_AND_OR 1
| #define HAVE___SYNC_OR_AND_FETCH 1
| #define HAVE___SYNC_FETCH_AND_OR_8 1
| #define HAVE___SYNC_OR_AND_FETCH_8 1
| #define HAVE___SYNC_BOOL_COMPARE_AND_SWAP 1
| #define HAVE___SYNC_BOOL_COMPARE_AND_SWAP_8 1
| #define HAVE___SYNC_VAL_COMPARE_AND_SWAP 1
| #define HAVE___SYNC_VAL_COMPARE_AND_SWAP_8 1
| #define HAVE___SYNC_LOCK_TEST_AND_SET 1
| #define HAVE___SYNC_LOCK_TEST_AND_SET_VAL 1
| #define HAVE___SYNC_LOCK_RELEASE_SET 1
| #define HAVE_CXX_TEMPLATE_ALIAS 1
| #define HAVE_TYPE_TRAITS 1
| #define HAVE_STD_HASH 1
| #define HAVE___HAS_TRIVIAL_COPY 1
| #define HAVE___HAS_TRIVIAL_DESTRUCTOR 1
| #define HAVE_STD_IS_TRIVIALLY_COPYABLE 1
| #define HAVE_STD_IS_TRIVIALLY_DESTRUCTIBLE 1
| #define HAVE_STD_IS_RVALUE_REFERENCE 1
| #define HAVE_TCMALLOC 1
| #define HAVE_OFF_T_IS_LONG 1
| /* end confdefs.h.  */
| #include <stdint.h>
| int f(int64_t) {return 0;} int f(long) {return 0;}
| int
| main ()
| {
| 
|   ;
|   return 0;
| }
configure:6134: result: yes
configure:6145: checking whether int64_t and long long are the same type
configure:6162: g++ -c -g -W -Wall -O3  conftest.cpp >&5
configure:6162: $? = 0
configure:6169: result: no
configure:6180: checking whether size_t and unsigned are the same type
configure:6197: g++ -c -g -W -Wall -O3  conftest.cpp >&5
configure:6197: $? = 0
configure:6204: result: no
configure:6215: checking whether size_t and unsigned long are the same type
configure:6232: g++ -c -g -W -Wall -O3  conftest.cpp >&5
conftest.cpp: In function 'int f(long unsigned int)':
conftest.cpp:55:31: error: redefinition of 'int f(long unsigned int)'
 int f(size_t) {return 0;} int f(unsigned long) {return 0;}
                               ^
conftest.cpp:55:5: note: 'int f(size_t)' previously defined here
 int f(size_t) {return 0;} int f(unsigned long) {return 0;}
     ^
configure:6232: $? = 1
configure: failed program was:
| /* confdefs.h */
| #define PACKAGE_NAME "masstree-beta"
| #define PACKAGE_TARNAME "masstree-beta"
| #define PACKAGE_VERSION "0.1"
| #define PACKAGE_STRING "masstree-beta 0.1"
| #define PACKAGE_BUGREPORT ""
| #define PACKAGE_URL ""
| #define WORDS_BIGENDIAN_SET 1
| #define STDC_HEADERS 1
| #define HAVE_SYS_TYPES_H 1
| #define HAVE_SYS_STAT_H 1
| #define HAVE_STDLIB_H 1
| #define HAVE_STRING_H 1
| #define HAVE_MEMORY_H 1
| #define HAVE_STRINGS_H 1
| #define HAVE_INTTYPES_H 1
| #define HAVE_STDINT_H 1
| #define HAVE_UNISTD_H 1
| #define HAVE_SYS_EPOLL_H 1
| #define HAVE___BUILTIN_CLZ 1
| #define HAVE___BUILTIN_CLZL 1
| #define HAVE___BUILTIN_CLZLL 1
| #define HAVE___BUILTIN_CTZ 1
| #define HAVE___BUILTIN_CTZL 1
| #define HAVE___BUILTIN_CTZLL 1
| #define HAVE___SYNC_SYNCHRONIZE 1
| #define HAVE___SYNC_FETCH_AND_ADD 1
| #define HAVE___SYNC_ADD_AND_FETCH 1
| #define HAVE___SYNC_FETCH_AND_ADD_8 1
| #define HAVE___SYNC_ADD_AND_FETCH_8 1
| #define HAVE___SYNC_FETCH_AND_OR 1
| #define HAVE___SYNC_OR_AND_FETCH 1
| #define HAVE___SYNC_FETCH_AND_OR_8 1
| #define HAVE___SYNC_OR_AND_FETCH_8 1
| #define HAVE___SYNC_BOOL_COMPARE_AND_SWAP 1
| #define HAVE___SYNC_BOOL_COMPARE_AND_SWAP_8 1
| #define HAVE___SYNC_VAL_COMPARE_AND_SWAP 1
| #define HAVE___SYNC_VAL_COMPARE_AND_SWAP_8 1
| #define HAVE___SYNC_LOCK_TEST_AND_SET 1
| #define HAVE___SYNC_LOCK_TEST_AND_SET_VAL 1
| #define HAVE___SYNC_LOCK_RELEASE_SET 1
| #define HAVE_CXX_TEMPLATE_ALIAS 1
| #define HAVE_TYPE_TRAITS 1
| #define HAVE_STD_HASH 1
| #define HAVE___HAS_TRIVIAL_COPY 1
| #define HAVE___HAS_TRIVIAL_DESTRUCTOR 1
| #define HAVE_STD_IS_TRIVIALLY_COPYABLE 1
| #define HAVE_STD_IS_TRIVIALLY_DESTRUCTIBLE 1
| #define HAVE_STD_IS_RVALUE_REFERENCE 1
| #define HAVE_TCMALLOC 1
| #define HAVE_OFF_T_IS_LONG 1
| #define HAVE_INT64_T_IS_LONG 1
| /* end confdefs.h.  */
| #include <stdio.h>
| int f(size_t) {return 0;} int f(unsigned long) {return 0;}
| int
| main ()
| {
| 
|   ;
|   return 0;
| }
configure:6239: result: yes
configure:6250: checking whether size_t and unsigned long long are the same type
configure:6267: g++ -c -g -W -Wall -O3  conftest.cpp >&5
configure:6267: $? = 0
configure:6274: result: no
configure:6284: checking for long long
configure:6284: g++ -c -g -W -Wall -O3  conftest.cpp >&5
configure:6284: $? = 0
configure:6284: g++ -c -g -W -Wall -O3  conftest.cpp >&5
conftest.cpp: In function 'int main()':
conftest.cpp:91:14: error: expected primary-expression before 'long'
 if (sizeof ((long long)))
              ^~~~
conftest.cpp:91:14: error: expected ')' before 'long'
conftest.cpp:92:14: error: expected ')' before ';' token
      return 0;
              ^
conftest.cpp:92:14: error: expected ')' before ';' token
conftest.cpp:92:14: warning: suggest braces around empty body in an 'if' statement [-Wempty-body]
configure:6284: $? = 1
configure: failed program was:
| /* confdefs.h */
| #define PACKAGE_NAME "masstree-beta"
| #define PACKAGE_TARNAME "masstree-beta"
| #define PACKAGE_VERSION "0.1"
| #define PACKAGE_STRING "masstree-beta 0.1"
| #define PACKAGE_BUGREPORT ""
| #define PACKAGE_URL ""
| #define WORDS_BIGENDIAN_SET 1
| #define STDC_HEADERS 1
| #define HAVE_SYS_TYPES_H 1
| #define HAVE_SYS_STAT_H 1
| #define HAVE_STDLIB_H 1
| #define HAVE_STRING_H 1
| #define HAVE_MEMORY_H 1
| #define HAVE_STRINGS_H 1
| #define HAVE_INTTYPES_H 1
| #define HAVE_STDINT_H 1
| #define HAVE_UNISTD_H 1
| #define HAVE_SYS_EPOLL_H 1
| #define HAVE___BUILTIN_CLZ 1
| #define HAVE___BUILTIN_CLZL 1
| #define HAVE___BUILTIN_CLZLL 1
| #define HAVE___BUILTIN_CTZ 1
| #define HAVE___BUILTIN_CTZL 1
| #define HAVE___BUILTIN_CTZLL 1
| #define HAVE___SYNC_SYNCHRONIZE 1
| #define HAVE___SYNC_FETCH_AND_ADD 1
| #define HAVE___SYNC_ADD_AND_FETCH 1
| #define HAVE___SYNC_FETCH_AND_ADD_8 1
| #define HAVE___SYNC_ADD_AND_FETCH_8 1
| #define HAVE___SYNC_FETCH_AND_OR 1
| #define HAVE___SYNC_OR_AND_FETCH 1
| #define HAVE___SYNC_FETCH_AND_OR_8 1
| #define HAVE___SYNC_OR_AND_FETCH_8 1
| #define HAVE___SYNC_BOOL_COMPARE_AND_SWAP 1
| #define HAVE___SYNC_BOOL_COMPARE_AND_SWAP_8 1
| #define HAVE___SYNC_VAL_COMPARE_AND_SWAP 1
| #define HAVE___SYNC_VAL_COMPARE_AND_SWAP_8 1
| #define HAVE___SYNC_LOCK_TEST_AND_SET 1
| #define HAVE___SYNC_LOCK_TEST_AND_SET_VAL 1
| #define HAVE___SYNC_LOCK_RELEASE_SET 1
| #define HAVE_CXX_TEMPLATE_ALIAS 1
| #define HAVE_TYPE_TRAITS 1
| #define HAVE_STD_HASH 1
| #define HAVE___HAS_TRIVIAL_COPY 1
| #define HAVE___HAS_TRIVIAL_DESTRUCTOR 1
| #define HAVE_STD_IS_TRIVIALLY_COPYABLE 1
| #define HAVE_STD_IS_TRIVIALLY_DESTRUCTIBLE 1
| #define HAVE_STD_IS_RVALUE_REFERENCE 1
| #define HAVE_TCMALLOC 1
| #define HAVE_OFF_T_IS_LONG 1
| #define HAVE_INT64_T_IS_LONG 1
| #define HAVE_SIZE_T_IS_UNSIGNED_LONG 1
| /* end confdefs.h.  */
| #include <stdio.h>
| #ifdef HAVE_SYS_TYPES_H
| # include <sys/types.h>
| #endif
| #ifdef HAVE_SYS_STAT_H
| # include <sys/stat.h>
| #endif
| #ifdef STDC_HEADERS
| # include <stdlib.h>
| # include <stddef.h>
| #else
| # ifdef HAVE_STDLIB_H
| #  include <stdlib.h>
| # endif
| #endif
| #ifdef HAVE_STRING_H
| # if !defined STDC_HEADERS && defined HAVE_MEMORY_H
| #  include <memory.h>
| # endif
| # include <string.h>
| #endif
| #ifdef HAVE_STRINGS_H
| # include <strings.h>
| #endif
| #ifdef HAVE_INTTYPES_H
| # include <inttypes.h>
| #endif
| #ifdef HAVE_STDINT_H
| # include <stdint.h>
| #endif
| #ifdef HAVE_UNISTD_H
| # include <unistd.h>
| #endif
| int
| main ()
| {
| if (sizeof ((long long)))
| 	    return 0;
|   ;
|   return 0;
| }
configure:6284: result: yes
configure:6298: checking size of short
configure:6303: g++ -o conftest -g -W -Wall -O3   conftest.cpp  >&5
configure:6303: $? = 0
configure:6303: ./conftest
configure:6303: $? = 0
configure:6317: result: 2
configure:6331: checking size of int
configure:6336: g++ -o conftest -g -W -Wall -O3   conftest.cpp  >&5
configure:6336: $? = 0
configure:6336: ./conftest
configure:6336: $? = 0
configure:6350: result: 4
configure:6364: checking size of long
configure:6369: g++ -o conftest -g -W -Wall -O3   conftest.cpp  >&5
configure:6369: $? = 0
configure:6369: ./conftest
configure:6369: $? = 0
configure:6383: result: 8
configure:6397: checking size of long long
configure:6402: g++ -o conftest -g -W -Wall -O3   conftest.cpp  >&5
configure:6402: $? = 0
configure:6402: ./conftest
configure:6402: $? = 0
configure:6416: result: 8
configure:6430: checking size of void *
configure:6435: g++ -o conftest -g -W -Wall -O3   conftest.cpp  >&5
configure:6435: $? = 0
configure:6435: ./conftest
configure:6435: $? = 0
configure:6449: result: 8
configure:6460: checking whether getline is declared
configure:6460: g++ -c -g -W -Wall -O3  conftest.cpp >&5
configure:6460: $? = 0
configure:6460: result: yes
configure:6475: checking time.h usability
configure:6475: g++ -c -g -W -Wall -O3  conftest.cpp >&5
configure:6475: $? = 0
configure:6475: result: yes
configure:6475: checking time.h presence
configure:6475: g++ -E  conftest.cpp
configure:6475: $? = 0
configure:6475: result: yes
configure:6475: checking for time.h
configure:6475: result: yes
configure:6475: checking execinfo.h usability
configure:6475: g++ -c -g -W -Wall -O3  conftest.cpp >&5
configure:6475: $? = 0
configure:6475: result: yes
configure:6475: checking execinfo.h presence
configure:6475: g++ -E  conftest.cpp
configure:6475: $? = 0
configure:6475: result: yes
configure:6475: checking for execinfo.h
configure:6475: result: yes
configure:6485: checking whether clock_gettime is declared
configure:6485: g++ -c -g -W -Wall -O3  conftest.cpp >&5
configure:6485: $? = 0
configure:6485: result: yes
configure:6499: checking for library containing clock_gettime
configure:6530: g++ -o conftest -g -W -Wall -O3   conftest.cpp  >&5
configure:6530: $? = 0
configure:6547: result: none required
configure:6557: checking for clock_gettime
configure:6557: g++ -o conftest -g -W -Wall -O3   conftest.cpp  >&5
configure:6557: $? = 0
configure:6557: result: yes
configure:6566: checking for library containing backtrace
configure:6597: g++ -o conftest -g -W -Wall -O3   conftest.cpp  >&5
configure:6597: $? = 0
configure:6614: result: none required
configure:6672: checking whether MADV_HUGEPAGE is supported
configure:6688: g++ -E  conftest.cpp
configure:6688: $? = 0
configure:6694: result: yes
configure:6702: checking whether MAP_HUGETLB is supported
configure:6718: g++ -E  conftest.cpp
configure:6718: $? = 0
configure:6724: result: yes
configure:6953: creating ./config.status

## ---------------------- ##
## Running config.status. ##
## ---------------------- ##

This file was extended by masstree-beta config.status 0.1, which was
generated by GNU Autoconf 2.69.  Invocation command line was

  CONFIG_FILES    = 
  CONFIG_HEADERS  = 
  CONFIG_LINKS    = 
  CONFIG_COMMANDS = 
  $ ./config.status 

on node0.index.nextgendb-pg0.clemson.cloudlab.us

config.status:858: creating GNUmakefile
config.status:858: creating config.h

## ---------------- ##
## Cache variables. ##
## ---------------- ##

ac_cv_c_bigendian=no
ac_cv_c_compiler_gnu=yes
ac_cv_cxx_auto=yes
ac_cv_cxx_compiler_gnu=yes
ac_cv_cxx_constexpr=yes
ac_cv_cxx_rvalue_references=yes
ac_cv_cxx_static_assert=yes
ac_cv_cxx_template_alias=yes
ac_cv_env_CCC_set=
ac_cv_env_CCC_value=
ac_cv_env_CC_set=
ac_cv_env_CC_value=
ac_cv_env_CFLAGS_set=
ac_cv_env_CFLAGS_value=
ac_cv_env_CPPFLAGS_set=
ac_cv_env_CPPFLAGS_value=
ac_cv_env_CXXCPP_set=
ac_cv_env_CXXCPP_value=
ac_cv_env_CXXFLAGS_set=
ac_cv_env_CXXFLAGS_value=
ac_cv_env_CXX_set=
ac_cv_env_CXX_value=
ac_cv_env_LDFLAGS_set=
ac_cv_env_LDFLAGS_value=
ac_cv_env_LIBS_set=
ac_cv_env_LIBS_value=
ac_cv_env_build_alias_set=
ac_cv_env_build_alias_value=
ac_cv_env_host_alias_set=
ac_cv_env_host_alias_value=
ac_cv_env_target_alias_set=
ac_cv_env_target_alias_value=
ac_cv_func_clock_gettime=yes
ac_cv_have___builtin_clz=yes
ac_cv_have___builtin_clzl=yes
ac_cv_have___builtin_clzll=yes
ac_cv_have___builtin_ctz=yes
ac_cv_have___builtin_ctzl=yes
ac_cv_have___builtin_ctzll=yes
ac_cv_have___has_trivial_copy=yes
ac_cv_have___has_trivial_destructor=yes
ac_cv_have___sync_add_and_fetch=yes
ac_cv_have___sync_add_and_fetch_8=yes
ac_cv_have___sync_bool_compare_and_swap=yes
ac_cv_have___sync_bool_compare_and_swap_8=yes
ac_cv_have___sync_fetch_and_add=yes
ac_cv_have___sync_fetch_and_add_8=yes
ac_cv_have___sync_fetch_and_or=yes
ac_cv_have___sync_fetch_and_or_8=yes
ac_cv_have___sync_lock_release_set=yes
ac_cv_have___sync_lock_test_and_set=yes
ac_cv_have___sync_lock_test_and_set_val=yes
ac_cv_have___sync_or_and_fetch=yes
ac_cv_have___sync_or_and_fetch_8=yes
ac_cv_have___sync_synchronize=yes
ac_cv_have___sync_val_compare_and_swap=yes
ac_cv_have___sync_val_compare_and_swap_8=yes
ac_cv_have_decl_clock_gettime=yes
ac_cv_have_decl_getline=yes
ac_cv_have_same_type_int64_t_is_long=yes
ac_cv_have_same_type_int64_t_is_long_long=no
ac_cv_have_same_type_off_t_is_long=yes
ac_cv_have_same_type_off_t_is_long_long=no
ac_cv_have_same_type_size_t_is_unsigned=no
ac_cv_have_same_type_size_t_is_unsigned_long=yes
ac_cv_have_same_type_size_t_is_unsigned_long_long=no
ac_cv_have_std_hash=yes
ac_cv_have_std_is_rvalue_reference=yes
ac_cv_have_std_is_trivially_copyable=yes
ac_cv_have_std_is_trivially_destructible=yes
ac_cv_header_execinfo_h=yes
ac_cv_header_inttypes_h=yes
ac_cv_header_memory_h=yes
ac_cv_header_numa_h=no
ac_cv_header_stdc=yes
ac_cv_header_stdint_h=yes
ac_cv_header_stdlib_h=yes
ac_cv_header_string_h=yes
ac_cv_header_strings_h=yes
ac_cv_header_sys_epoll_h=yes
ac_cv_header_sys_stat_h=yes
ac_cv_header_sys_types_h=yes
ac_cv_header_time_h=yes
ac_cv_header_type_traits=yes
ac_cv_header_unistd_h=yes
ac_cv_lib_flow_malloc=no
ac_cv_lib_hoard__Z16getMainHoardHeapv=no
ac_cv_lib_jemalloc_mallctl=no
ac_cv_lib_tcmalloc_minimal_tc_malloc=yes
ac_cv_max_key_len=255
ac_cv_objext=o
ac_cv_path_EGREP='/bin/grep -E'
ac_cv_path_GREP=/bin/grep
ac_cv_prog_CXXCPP='g++ -E'
ac_cv_prog_ac_ct_CC=gcc
ac_cv_prog_ac_ct_CXX=g++
ac_cv_prog_ac_ct_RANLIB=ranlib
ac_cv_prog_cc_c89=
ac_cv_prog_cc_g=yes
ac_cv_prog_cxx_g=yes
ac_cv_row_type=bag
ac_cv_search_backtrace='none required'
ac_cv_search_clock_gettime='none required'
ac_cv_search_numa_available=no
ac_cv_sizeof_int=4
ac_cv_sizeof_long=8
ac_cv_sizeof_long_long=8
ac_cv_sizeof_short=2
ac_cv_sizeof_void_p=8
ac_cv_std_move=yes
ac_cv_type_long_long=yes

## ----------------- ##
## Output variables. ##
## ----------------- ##

CC='gcc'
CFLAGS='-g -O2'
CPPFLAGS=''
CXX='g++'
CXXCPP='g++ -E'
CXXFLAGS='-g -W -Wall -O3'
DEFS='-DHAVE_CONFIG_H'
ECHO_C=''
ECHO_N='-n'
ECHO_T=''
EGREP='/bin/grep -E'
EXEEXT=''
GREP='/bin/grep'
LDFLAGS=''
LIBOBJS=''
LIBS=''
LTLIBOBJS=''
MALLOC_LIBS='-ltcmalloc_minimal'
OBJEXT='o'
PACKAGE_BUGREPORT=''
PACKAGE_NAME='masstree-beta'
PACKAGE_STRING='masstree-beta 0.1'
PACKAGE_TARNAME='masstree-beta'
PACKAGE_URL=''
PACKAGE_VERSION='0.1'
PATH_SEPARATOR=':'
RANLIB='ranlib'
SHELL='/bin/bash'
ac_configure_args=' '\''--disable-assertions'\'' '\''--with-malloc=tcmalloc'\'''
ac_ct_CC='gcc'
ac_ct_CXX='g++'
bindir='${exec_prefix}/bin'
build_alias=''
datadir='${datarootdir}'
datarootdir='${prefix}/share'
docdir='${datarootdir}/doc/${PACKAGE_TARNAME}'
dvidir='${docdir}'
exec_prefix='${prefix}'
host_alias=''
htmldir='${docdir}'
includedir='${prefix}/include'
infodir='${datarootdir}/info'
libdir='${exec_prefix}/lib'
libexecdir='${exec_prefix}/libexec'
localedir='${datarootdir}/locale'
localstatedir='${prefix}/var'
mandir='${datarootdir}/man'
oldincludedir='/usr/include'
pdfdir='${docdir}'
prefix='/usr/local'
program_transform_name='s,x,x,'
psdir='${docdir}'
runstatedir='${localstatedir}/run'
sbindir='${exec_prefix}/sbin'
sharedstatedir='${prefix}/com'
sysconfdir='${prefix}/etc'
target_alias=''

## ----------- ##
## confdefs.h. ##
## ----------- ##

/* confdefs.h */
#define PACKAGE_NAME "masstree-beta"
#define PACKAGE_TARNAME "masstree-beta"
#define PACKAGE_VERSION "0.1"
#define PACKAGE_STRING "masstree-beta 0.1"
#define PACKAGE_BUGREPORT ""
#define PACKAGE_URL ""
#define WORDS_BIGENDIAN_SET 1
#define STDC_HEADERS 1
#define HAVE_SYS_TYPES_H 1
#define HAVE_SYS_STAT_H 1
#define HAVE_STDLIB_H 1
#define HAVE_STRING_H 1
#define HAVE_MEMORY_H 1
#define HAVE_STRINGS_H 1
#define HAVE_INTTYPES_H 1
#define HAVE_STDINT_H 1
#define HAVE_UNISTD_H 1
#define HAVE_SYS_EPOLL_H 1
#define HAVE___BUILTIN_CLZ 1
#define HAVE___BUILTIN_CLZL 1
#define HAVE___BUILTIN_CLZLL 1
#define HAVE___BUILTIN_CTZ 1
#define HAVE___BUILTIN_CTZL 1
#define HAVE___BUILTIN_CTZLL 1
#define HAVE___SYNC_SYNCHRONIZE 1
#define HAVE___SYNC_FETCH_AND_ADD 1
#define HAVE___SYNC_ADD_AND_FETCH 1
#define HAVE___SYNC_FETCH_AND_ADD_8 1
#define HAVE___SYNC_ADD_AND_FETCH_8 1
#define HAVE___SYNC_FETCH_AND_OR 1
#define HAVE___SYNC_OR_AND_FETCH 1
#define HAVE___SYNC_FETCH_AND_OR_8 1
#define HAVE___SYNC_OR_AND_FETCH_8 1
#define HAVE___SYNC_BOOL_COMPARE_AND_SWAP 1
#define HAVE___SYNC_BOOL_COMPARE_AND_SWAP_8 1
#define HAVE___SYNC_VAL_COMPARE_AND_SWAP 1
#define HAVE___SYNC_VAL_COMPARE_AND_SWAP_8 1
#define HAVE___SYNC_LOCK_TEST_AND_SET 1
#define HAVE___SYNC_LOCK_TEST_AND_SET_VAL 1
#define HAVE___SYNC_LOCK_RELEASE_SET 1
#define HAVE_CXX_TEMPLATE_ALIAS 1
#define HAVE_TYPE_TRAITS 1
#define HAVE_STD_HASH 1
#define HAVE___HAS_TRIVIAL_COPY 1
#define HAVE___HAS_TRIVIAL_DESTRUCTOR 1
#define HAVE_STD_IS_TRIVIALLY_COPYABLE 1
#define HAVE_STD_IS_TRIVIALLY_DESTRUCTIBLE 1
#define HAVE_STD_IS_RVALUE_REFERENCE 1
#define HAVE_TCMALLOC 1
#define HAVE_OFF_T_IS_LONG 1
#define HAVE_INT64_T_IS_LONG 1
#define HAVE_SIZE_T_IS_UNSIGNED_LONG 1
#define HAVE_LONG_LONG 1
#define SIZEOF_SHORT 2
#define SIZEOF_INT 4
#define SIZEOF_LONG 8
#define SIZEOF_LONG_LONG 8
#define SIZEOF_VOID_P 8
#define HAVE_DECL_GETLINE 1
#define HAVE_TIME_H 1
#define HAVE_EXECINFO_H 1
#define HAVE_DECL_CLOCK_GETTIME 1
#define HAVE_CLOCK_GETTIME 1
#define MASSTREE_ROW_TYPE_BAG 1
#define MASSTREE_MAXKEYLEN 255
#define HAVE_MADV_HUGEPAGE 1
#define HAVE_MAP_HUGETLB 1
#define HAVE_SUPERPAGE 1
#define CACHE_LINE_SIZE 64
#define HAVE_UNALIGNED_ACCESS 1

configure: exit 0

## ---------------------- ##
## Running config.status. ##
## ---------------------- ##

This file was extended by masstree-beta config.status 0.1, which was
generated by GNU Autoconf 2.69.  Invocation command line was

  CONFIG_FILES    = 
  CONFIG_HEADERS  = 
  CONFIG_LINKS    = 
  CONFIG_COMMANDS = 
  $ ./config.status 

on node0.index.nextgendb-pg0.clemson.cloudlab.us

config.status:: creating config.h
config.status:: config.h is unchanged

## ---------------------- ##
## Running config.status. ##
## ---------------------- ##

This file was extended by masstree-beta config.status 0.1, which was
generated by GNU Autoconf 2.69.  Invocation command line was

  CONFIG_FILES    = 
  CONFIG_HEADERS  = 
  CONFIG_LINKS    = 
  CONFIG_COMMANDS = 
  $ ./config.status 

on node0.index.nextgendb-pg0.clemson.cloudlab.us

config.status:: creating config.h
config.status:: config.h is unchanged

## ---------------------- ##
## Running config.status. ##
## ---------------------- ##

This file was extended by masstree-beta config.status 0.1, which was
generated by GNU Autoconf 2.69.  Invocation command line was

  CONFIG_FILES    = GNUmakefile
  CONFIG_HEADERS  = 
  CONFIG_LINKS    = 
  CONFIG_COMMANDS = 
  $ ./config.status 

on node0.index.nextgendb-pg0.clemson.cloudlab.us

config.status:: creating GNUmakefile

## ---------------------- ##
## Running config.status. ##
## ---------------------- ##

This file was extended by masstree-beta config.status 0.1, which was
generated by GNU Autoconf 2.69.  Invocation command line was

  CONFIG_FILES    = 
  CONFIG_HEADERS  = 
  CONFIG_LINKS    = 
  CONFIG_COMMANDS = 
  $ ./config.status 

on node0.index.nextgendb-pg0.clemson.cloudlab.us

config.status:: creating config.h
config.status:: config.h is unchanged
